This is pdfTeX, Version 3.1415926-2.5-1.40.14 (TeX Live 2013/Debian) (format=pdflatex 2015.5.29)  28 AUG 2015 12:26
entering extended mode
 restricted \write18 enabled.
 %&-line parsing enabled.
**report.tex
(./report.tex
LaTeX2e <2011/06/27>
Babel <3.9h> and hyphenation patterns for 2 languages loaded.
(/usr/share/texlive/texmf-dist/tex/latex/base/report.cls
Document Class: report 2007/10/19 v1.4h Standard LaTeX document class
(/usr/share/texlive/texmf-dist/tex/latex/base/size12.clo
File: size12.clo 2007/10/19 v1.4h Standard LaTeX file (size option)
)
\c@part=\count79
\c@chapter=\count80
\c@section=\count81
\c@subsection=\count82
\c@subsubsection=\count83
\c@paragraph=\count84
\c@subparagraph=\count85
\c@figure=\count86
\c@table=\count87
\abovecaptionskip=\skip41
\belowcaptionskip=\skip42
\bibindent=\dimen102
)
(/usr/share/texlive/texmf-dist/tex/latex/tools/multicol.sty
Package: multicol 2011/06/27 v1.7a multicolumn formatting (FMi)
\c@tracingmulticols=\count88
\mult@box=\box26
\multicol@leftmargin=\dimen103
\c@unbalance=\count89
\c@collectmore=\count90
\doublecol@number=\count91
\multicoltolerance=\count92
\multicolpretolerance=\count93
\full@width=\dimen104
\page@free=\dimen105
\premulticols=\dimen106
\postmulticols=\dimen107
\multicolsep=\skip43
\multicolbaselineskip=\skip44
\partial@page=\box27
\last@line=\box28
\mult@rightbox=\box29
\mult@grightbox=\box30
\mult@gfirstbox=\box31
\mult@firstbox=\box32
\@tempa=\box33
\@tempa=\box34
\@tempa=\box35
\@tempa=\box36
\@tempa=\box37
\@tempa=\box38
\@tempa=\box39
\@tempa=\box40
\@tempa=\box41
\@tempa=\box42
\@tempa=\box43
\@tempa=\box44
\@tempa=\box45
\@tempa=\box46
\@tempa=\box47
\@tempa=\box48
\@tempa=\box49
\c@columnbadness=\count94
\c@finalcolumnbadness=\count95
\last@try=\dimen108
\multicolovershoot=\dimen109
\multicolundershoot=\dimen110
\mult@nat@firstbox=\box50
\colbreak@box=\box51
\multicol@sort@counter=\count96
)
(/usr/share/texlive/texmf-dist/tex/latex/graphics/graphicx.sty
Package: graphicx 1999/02/16 v1.0f Enhanced LaTeX Graphics (DPC,SPQR)

(/usr/share/texlive/texmf-dist/tex/latex/graphics/keyval.sty
Package: keyval 1999/03/16 v1.13 key=value parser (DPC)
\KV@toks@=\toks14
)
(/usr/share/texlive/texmf-dist/tex/latex/graphics/graphics.sty
Package: graphics 2009/02/05 v1.0o Standard LaTeX Graphics (DPC,SPQR)

(/usr/share/texlive/texmf-dist/tex/latex/graphics/trig.sty
Package: trig 1999/03/16 v1.09 sin cos tan (DPC)
)
(/usr/share/texlive/texmf-dist/tex/latex/latexconfig/graphics.cfg
File: graphics.cfg 2010/04/23 v1.9 graphics configuration of TeX Live
)
Package graphics Info: Driver file: pdftex.def on input line 91.

(/usr/share/texlive/texmf-dist/tex/latex/pdftex-def/pdftex.def
File: pdftex.def 2011/05/27 v0.06d Graphics/color for pdfTeX

(/usr/share/texlive/texmf-dist/tex/generic/oberdiek/infwarerr.sty
Package: infwarerr 2010/04/08 v1.3 Providing info/warning/error messages (HO)
)
(/usr/share/texlive/texmf-dist/tex/generic/oberdiek/ltxcmds.sty
Package: ltxcmds 2011/11/09 v1.22 LaTeX kernel commands for general use (HO)
)
\Gread@gobject=\count97
))
\Gin@req@height=\dimen111
\Gin@req@width=\dimen112
)
(/usr/share/texlive/texmf-dist/tex/latex/tools/verbatim.sty
Package: verbatim 2003/08/22 v1.5q LaTeX2e package for verbatim enhancements
\every@verbatim=\toks15
\verbatim@line=\toks16
\verbatim@in@stream=\read1
)
(/usr/share/texlive/texmf-dist/tex/latex/mh/mathtools.sty
Package: mathtools 2013/02/12 v1.13 mathematical typesetting tools

(/usr/share/texlive/texmf-dist/tex/latex/tools/calc.sty
Package: calc 2007/08/22 v4.3 Infix arithmetic (KKT,FJ)
\calc@Acount=\count98
\calc@Bcount=\count99
\calc@Adimen=\dimen113
\calc@Bdimen=\dimen114
\calc@Askip=\skip45
\calc@Bskip=\skip46
LaTeX Info: Redefining \setlength on input line 76.
LaTeX Info: Redefining \addtolength on input line 77.
\calc@Ccount=\count100
\calc@Cskip=\skip47
)
(/usr/share/texlive/texmf-dist/tex/latex/mh/mhsetup.sty
Package: mhsetup 2010/01/21 v1.2a programming setup (MH)
)
(/usr/share/texlive/texmf-dist/tex/latex/amsmath/amsmath.sty
Package: amsmath 2013/01/14 v2.14 AMS math features
\@mathmargin=\skip48

For additional information on amsmath, use the `?' option.
(/usr/share/texlive/texmf-dist/tex/latex/amsmath/amstext.sty
Package: amstext 2000/06/29 v2.01

(/usr/share/texlive/texmf-dist/tex/latex/amsmath/amsgen.sty
File: amsgen.sty 1999/11/30 v2.0
\@emptytoks=\toks17
\ex@=\dimen115
))
(/usr/share/texlive/texmf-dist/tex/latex/amsmath/amsbsy.sty
Package: amsbsy 1999/11/29 v1.2d
\pmbraise@=\dimen116
)
(/usr/share/texlive/texmf-dist/tex/latex/amsmath/amsopn.sty
Package: amsopn 1999/12/14 v2.01 operator names
)
\inf@bad=\count101
LaTeX Info: Redefining \frac on input line 210.
\uproot@=\count102
\leftroot@=\count103
LaTeX Info: Redefining \overline on input line 306.
\classnum@=\count104
\DOTSCASE@=\count105
LaTeX Info: Redefining \ldots on input line 378.
LaTeX Info: Redefining \dots on input line 381.
LaTeX Info: Redefining \cdots on input line 466.
\Mathstrutbox@=\box52
\strutbox@=\box53
\big@size=\dimen117
LaTeX Font Info:    Redeclaring font encoding OML on input line 566.
LaTeX Font Info:    Redeclaring font encoding OMS on input line 567.
\macc@depth=\count106
\c@MaxMatrixCols=\count107
\dotsspace@=\muskip10
\c@parentequation=\count108
\dspbrk@lvl=\count109
\tag@help=\toks18
\row@=\count110
\column@=\count111
\maxfields@=\count112
\andhelp@=\toks19
\eqnshift@=\dimen118
\alignsep@=\dimen119
\tagshift@=\dimen120
\tagwidth@=\dimen121
\totwidth@=\dimen122
\lineht@=\dimen123
\@envbody=\toks20
\multlinegap=\skip49
\multlinetaggap=\skip50
\mathdisplay@stack=\toks21
LaTeX Info: Redefining \[ on input line 2665.
LaTeX Info: Redefining \] on input line 2666.
)
LaTeX Info: Thecontrolsequence`\['isalreadyrobust on input line 129.
LaTeX Info: Thecontrolsequence`\]'isalreadyrobust on input line 129.
\g_MT_multlinerow_int=\count113
\l_MT_multwidth_dim=\dimen124
\origjot=\skip51
\l_MT_shortvdotswithinadjustabove_dim=\dimen125
\l_MT_shortvdotswithinadjustbelow_dim=\dimen126
\l_MT_above_intertext_sep=\dimen127
\l_MT_below_intertext_sep=\dimen128
\l_MT_above_shortintertext_sep=\dimen129
\l_MT_below_shortintertext_sep=\dimen130
) (./report.aux)
\openout1 = `report.aux'.

LaTeX Font Info:    Checking defaults for OML/cmm/m/it on input line 17.
LaTeX Font Info:    ... okay on input line 17.
LaTeX Font Info:    Checking defaults for T1/cmr/m/n on input line 17.
LaTeX Font Info:    ... okay on input line 17.
LaTeX Font Info:    Checking defaults for OT1/cmr/m/n on input line 17.
LaTeX Font Info:    ... okay on input line 17.
LaTeX Font Info:    Checking defaults for OMS/cmsy/m/n on input line 17.
LaTeX Font Info:    ... okay on input line 17.
LaTeX Font Info:    Checking defaults for OMX/cmex/m/n on input line 17.
LaTeX Font Info:    ... okay on input line 17.
LaTeX Font Info:    Checking defaults for U/cmr/m/n on input line 17.
LaTeX Font Info:    ... okay on input line 17.

(/usr/share/texlive/texmf-dist/tex/context/base/supp-pdf.mkii
[Loading MPS to PDF converter (version 2006.09.02).]
\scratchcounter=\count114
\scratchdimen=\dimen131
\scratchbox=\box54
\nofMPsegments=\count115
\nofMParguments=\count116
\everyMPshowfont=\toks22
\MPscratchCnt=\count117
\MPscratchDim=\dimen132
\MPnumerator=\count118
\makeMPintoPDFobject=\count119
\everyMPtoPDFconversion=\toks23
) (/usr/share/texlive/texmf-dist/tex/generic/oberdiek/pdftexcmds.sty
Package: pdftexcmds 2011/11/29 v0.20 Utility functions of pdfTeX for LuaTeX (HO
)

(/usr/share/texlive/texmf-dist/tex/generic/oberdiek/ifluatex.sty
Package: ifluatex 2010/03/01 v1.3 Provides the ifluatex switch (HO)
Package ifluatex Info: LuaTeX not detected.
)
(/usr/share/texlive/texmf-dist/tex/generic/oberdiek/ifpdf.sty
Package: ifpdf 2011/01/30 v2.3 Provides the ifpdf switch (HO)
Package ifpdf Info: pdfTeX in PDF mode is detected.
)
Package pdftexcmds Info: LuaTeX not detected.
Package pdftexcmds Info: \pdf@primitive is available.
Package pdftexcmds Info: \pdf@ifprimitive is available.
Package pdftexcmds Info: \pdfdraftmode found.
)
(/usr/share/texlive/texmf-dist/tex/latex/oberdiek/epstopdf-base.sty
Package: epstopdf-base 2010/02/09 v2.5 Base part for package epstopdf

(/usr/share/texlive/texmf-dist/tex/latex/oberdiek/grfext.sty
Package: grfext 2010/08/19 v1.1 Manage graphics extensions (HO)

(/usr/share/texlive/texmf-dist/tex/generic/oberdiek/kvdefinekeys.sty
Package: kvdefinekeys 2011/04/07 v1.3 Define keys (HO)
))
(/usr/share/texlive/texmf-dist/tex/latex/oberdiek/kvoptions.sty
Package: kvoptions 2011/06/30 v3.11 Key value format for package options (HO)

(/usr/share/texlive/texmf-dist/tex/generic/oberdiek/kvsetkeys.sty
Package: kvsetkeys 2012/04/25 v1.16 Key value parser (HO)

(/usr/share/texlive/texmf-dist/tex/generic/oberdiek/etexcmds.sty
Package: etexcmds 2011/02/16 v1.5 Avoid name clashes with e-TeX commands (HO)
Package etexcmds Info: Could not find \expanded.
(etexcmds)             That can mean that you are not using pdfTeX 1.50 or
(etexcmds)             that some package has redefined \expanded.
(etexcmds)             In the latter case, load this package earlier.
)))
Package grfext Info: Graphics extension search list:
(grfext)             [.png,.pdf,.jpg,.mps,.jpeg,.jbig2,.jb2,.PNG,.PDF,.JPG,.JPE
G,.JBIG2,.JB2,.eps]
(grfext)             \AppendGraphicsExtensions on input line 452.

(/usr/share/texlive/texmf-dist/tex/latex/latexconfig/epstopdf-sys.cfg
File: epstopdf-sys.cfg 2010/07/13 v1.3 Configuration of (r)epstopdf for TeX Liv
e
))
(./file1.tex
Underfull \hbox (badness 10000) in paragraph at lines 1--9

 []

<images/1_pre.png, id=1, 497.86pt x 321.2pt>
File: images/1_pre.png Graphic file (type png)
 <use images/1_pre.png>
Package pdftex.def Info: images/1_pre.png used on input line 15.
(pdftex.def)             Requested size: 256.0779pt x 170.7204pt.

Overfull \hbox (3.1329pt too wide) in paragraph at lines 15--16
 [][] 
 []

<images/1_ori.png, id=2, 446.66875pt x 214.8025pt>
File: images/1_ori.png Graphic file (type png)
 <use images/1_ori.png>
Package pdftex.def Info: images/1_ori.png used on input line 22.
(pdftex.def)             Requested size: 227.62766pt x 142.265pt.

<images/2_pre.png, id=3, 490.83376pt x 361.35pt>
File: images/2_pre.png Graphic file (type png)
 <use images/2_pre.png>
Package pdftex.def Info: images/2_pre.png used on input line 33.
(pdftex.def)             Requested size: 256.08133pt x 170.71672pt.

Overfull \hbox (3.13634pt too wide) in paragraph at lines 33--34
 [][] 
 []

<images/2_ori.png, id=4, 433.62pt x 142.5325pt>
File: images/2_ori.png Graphic file (type png)
 <use images/2_ori.png>
Package pdftex.def Info: images/2_ori.png used on input line 40.
(pdftex.def)             Requested size: 227.62082pt x 142.26462pt.

<images/3_pre.png, id=5, 481.8pt x 413.545pt>
File: images/3_pre.png Graphic file (type png)
 <use images/3_pre.png>
Package pdftex.def Info: images/3_pre.png used on input line 50.
(pdftex.def)             Requested size: 256.0806pt x 170.7156pt.

Overfull \hbox (3.1356pt too wide) in paragraph at lines 50--51
 [][] 
 []

<images/3_ori.png, id=6, 432.61626pt x 200.75pt>
File: images/3_ori.png Graphic file (type png)
 <use images/3_ori.png>
Package pdftex.def Info: images/3_ori.png used on input line 58.
(pdftex.def)             Requested size: 227.62202pt x 142.27312pt.

[1

{/var/lib/texmf/fonts/map/pdftex/updmap/pdftex.map} <./images/1_pre.png> <./ima
ges/1_ori.png> <./images/2_pre.png> <./images/2_ori.png>]
<images/4_pre.png, id=14, 489.83pt x 431.6125pt>
File: images/4_pre.png Graphic file (type png)
 <use images/4_pre.png>
Package pdftex.def Info: images/4_pre.png used on input line 69.
(pdftex.def)             Requested size: 256.08084pt x 170.71228pt.

Overfull \hbox (3.13585pt too wide) in paragraph at lines 69--70
 [][] 
 []

<images/4_ori.png, id=15, 458.71375pt x 237.88875pt>
File: images/4_ori.png Graphic file (type png)
 <use images/4_ori.png>
Package pdftex.def Info: images/4_ori.png used on input line 76.
(pdftex.def)             Requested size: 227.62045pt x 142.26971pt.

[2 <./images/3_pre.png> <./images/3_ori.png> <./images/4_pre.png> <./images/4_o
ri.png>] <images/5_pre.png, id=19, 487.8225pt x 477.785pt>
File: images/5_pre.png Graphic file (type png)

<use images/5_pre.png>
Package pdftex.def Info: images/5_pre.png used on input line 87.
(pdftex.def)             Requested size: 256.07343pt x 170.71207pt.

Overfull \hbox (3.12843pt too wide) in paragraph at lines 87--88
 [][] 
 []

<images/5_ori.png, id=20, 455.7025pt x 277.035pt>
File: images/5_ori.png Graphic file (type png)
 <use images/5_ori.png>
Package pdftex.def Info: images/5_ori.png used on input line 95.
(pdftex.def)             Requested size: 227.62817pt x 142.26245pt.

<images/6_pre.png, id=21, 480.79625pt x 520.94624pt>
File: images/6_pre.png Graphic file (type png)
 <use images/6_pre.png>
Package pdftex.def Info: images/6_pre.png used on input line 106.
(pdftex.def)             Requested size: 256.0753pt x 170.7125pt.

Overfull \hbox (3.13031pt too wide) in paragraph at lines 106--107
 [][] 
 []

<images/6_ori.png, id=22, 469.755pt x 301.125pt>
File: images/6_ori.png Graphic file (type png)
 <use images/6_ori.png>
Package pdftex.def Info: images/6_ori.png used on input line 113.
(pdftex.def)             Requested size: 227.62303pt x 142.26852pt.

[3 <./images/5_pre.png> <./images/5_ori.png> <./images/6_pre.png> <./images/6_o
ri.png>] <images/100000_User.jpg, id=26, 614.295pt x 794.97pt>
File: images/100000_User.jpg Graphic file (type jpg)

<use images/100000_User.jpg>
Package pdftex.def Info: images/100000_User.jpg used on input line 124.
(pdftex.def)             Requested size: 369.8921pt x 483.70584pt.

Overfull \hbox (116.94711pt too wide) in paragraph at lines 124--125
 [][] 
 []

File: images/5_pre.png Graphic file (type png)
<use images/5_pre.png>
Package pdftex.def Info: images/5_pre.png used on input line 131.
(pdftex.def)             Requested size: 227.62413pt x 199.1665pt.
 [4 <./images/100000_User.jpg>]
<images/100000usr_10train.png, id=30, 311.66437pt x 715.92468pt>
File: images/100000usr_10train.png Graphic file (type png)

<use images/100000usr_10train.png>
Package pdftex.def Info: images/100000usr_10train.png used on input line 142.
(pdftex.def)             Requested size: 512.21239pt x 569.09186pt.

Overfull \hbox (6.32239pt too wide) in paragraph at lines 142--143
 [][] 
 []

[5 <./images/100000usr_10train.png>]
<images/500000usr_10train.png, id=35, 310.15875pt x 765.6103pt>
File: images/500000usr_10train.png Graphic file (type png)

<use images/500000usr_10train.png>
Package pdftex.def Info: images/500000usr_10train.png used on input line 152.
(pdftex.def)             Requested size: 512.20364pt x 569.0778pt.

Overfull \hbox (6.31364pt too wide) in paragraph at lines 152--153
 [][] 
 []

) [6 <./images/500000usr_10train.png>] (./report.aux) ) 
Here is how much of TeX's memory you used:
 2843 strings out of 495028
 40848 string characters out of 6181497
 100728 words of memory out of 5000000
 6012 multiletter control sequences out of 15000+600000
 7655 words of font info for 28 fonts, out of 8000000 for 9000
 14 hyphenation exceptions out of 8191
 38i,7n,23p,270b,295s stack positions out of 5000i,500n,10000p,200000b,80000s
</usr/share/texlive/texm
f-dist/fonts/type1/public/amsfonts/cm/cmbx12.pfb></usr/share/texlive/texmf-dist
/fonts/type1/public/amsfonts/cm/cmr12.pfb>
Output written on report.pdf (6 pages, 401382 bytes).
PDF statistics:
 48 PDF objects out of 1000 (max. 8388607)
 20 compressed objects within 1 object stream
 0 named destinations out of 1000 (max. 500000)
 76 words of extra memory for PDF output out of 10000 (max. 10000000)

